<?xml version="1.0" encoding="UTF-8"?>
<!-- Generated by org.testng.reporters.JUnitXMLReporter -->
<testsuite hostname="DESKTOP-87L7ASJ" ignored="0" name="Testff" tests="1" failures="1" timestamp="18 Sep 2018 06:25:24 GMT" time="36.502" errors="0">
  <testcase name="ValidBook" time="20.946" classname="script.TestHome">
    <failure type="org.openqa.selenium.StaleElementReferenceException" message="The element reference of &amp;lt;input&amp;gt; stale: either the element is no longer attached to the DOM or the page has been refreshed
For documentation on this error, please visit: http://seleniumhq.org/exceptions/stale_element_reference.html
Build info: version: &amp;apos;3.5.0&amp;apos;, revision: &amp;apos;8def36e068&amp;apos;, time: &amp;apos;2017-08-10T23:00:22.093Z&amp;apos;
System info: host: &amp;apos;DESKTOP-87L7ASJ&amp;apos;, ip: &amp;apos;192.168.43.44&amp;apos;, os.name: &amp;apos;Windows 10&amp;apos;, os.arch: &amp;apos;amd64&amp;apos;, os.version: &amp;apos;10.0&amp;apos;, java.version: &amp;apos;1.8.0_121&amp;apos;
Driver info: org.openqa.selenium.firefox.FirefoxDriver
Capabilities [{moz:profile=C:\Users\sreeleka\AppData\Local\Temp\rust_mozprofile.KHmdFEyl3ZKq, rotatable=false, timeouts={implicit=0.0, pageLoad=300000.0, script=30000.0}, pageLoadStrategy=normal, platform=ANY, specificationLevel=0.0, moz:accessibilityChecks=false, acceptInsecureCerts=false, browserVersion=54.0.1, platformVersion=10.0, moz:processID=10124.0, browserName=firefox, javascriptEnabled=true, platformName=windows_nt}]
Session ID: 74f3a88d-fe19-4921-858b-0e42c91722da">
      <![CDATA[org.openqa.selenium.StaleElementReferenceException: The element reference of <input> stale: either the element is no longer attached to the DOM or the page has been refreshed
For documentation on this error, please visit: http://seleniumhq.org/exceptions/stale_element_reference.html
Build info: version: '3.5.0', revision: '8def36e068', time: '2017-08-10T23:00:22.093Z'
System info: host: 'DESKTOP-87L7ASJ', ip: '192.168.43.44', os.name: 'Windows 10', os.arch: 'amd64', os.version: '10.0', java.version: '1.8.0_121'
Driver info: org.openqa.selenium.firefox.FirefoxDriver
Capabilities [{moz:profile=C:\Users\sreeleka\AppData\Local\Temp\rust_mozprofile.KHmdFEyl3ZKq, rotatable=false, timeouts={implicit=0.0, pageLoad=300000.0, script=30000.0}, pageLoadStrategy=normal, platform=ANY, specificationLevel=0.0, moz:accessibilityChecks=false, acceptInsecureCerts=false, browserVersion=54.0.1, platformVersion=10.0, moz:processID=10124.0, browserName=firefox, javascriptEnabled=true, platformName=windows_nt}]
Session ID: 74f3a88d-fe19-4921-858b-0e42c91722da
at org.openqa.selenium.remote.http.W3CHttpResponseCodec.createException(W3CHttpResponseCodec.java:185)
at org.openqa.selenium.remote.http.W3CHttpResponseCodec.decode(W3CHttpResponseCodec.java:120)
at org.openqa.selenium.remote.http.W3CHttpResponseCodec.decode(W3CHttpResponseCodec.java:49)
at org.openqa.selenium.remote.HttpCommandExecutor.execute(HttpCommandExecutor.java:164)
at org.openqa.selenium.remote.service.DriverCommandExecutor.execute(DriverCommandExecutor.java:82)
at org.openqa.selenium.remote.RemoteWebDriver.execute(RemoteWebDriver.java:641)
at org.openqa.selenium.remote.RemoteWebDriver.executeScript(RemoteWebDriver.java:577)
at page.HomePage.homeFea(HomePage.java:22)
at script.TestHome.ValidBook(TestHome.java:25)
... Removed 29 stack frames]]>
    </failure>
  </testcase> <!-- ValidBook -->
</testsuite> <!-- Testff -->
