<?xml version="1.0" encoding="UTF-8"?>
<!-- Generated by org.testng.reporters.JUnitXMLReporter -->
<testsuite hostname="DESKTOP-87L7ASJ" ignored="0" name="Testf" tests="1" failures="1" timestamp="05 Aug 2018 02:17:59 GMT" time="91.559" errors="0">
  <testcase name="validLog1" time="56.73" classname="script.TestLogin">
    <failure type="java.lang.AssertionError" message="expected [true] but found [false]">
      <![CDATA[java.lang.AssertionError: expected [true] but found [false]
at page.ValidLoginPage.verifyErrMsg(ValidLoginPage.java:29)
at script.TestLogin.validLog1(TestLogin.java:31)
at java.util.concurrent.ThreadPoolExecutor.runWorker(Unknown Source)
at java.util.concurrent.ThreadPoolExecutor$Worker.run(Unknown Source)
at java.lang.Thread.run(Unknown Source)
... Removed 14 stack frames]]>
    </failure>
  </testcase> <!-- validLog1 -->
</testsuite> <!-- Testf -->
