<?xml version="1.0" encoding="UTF-8"?>
<!-- Generated by org.testng.reporters.JUnitXMLReporter -->
<testsuite hostname="Mallaiah-PC" ignored="0" name="Test" tests="1" failures="1" timestamp="17 Jul 2018 17:14:13 GMT" time="1.586" errors="0">
  <testcase name="test" time="1.527" classname="script.Gridd">
    <failure type="org.openqa.selenium.remote.UnreachableBrowserException" message="Could not start a new session. Possible causes are invalid address of the remote server or browser start-up failure.
Build info: version: &amp;apos;3.5.0&amp;apos;, revision: &amp;apos;8def36e068&amp;apos;, time: &amp;apos;2017-08-10T23:00:22.093Z&amp;apos;
System info: host: &amp;apos;MALLAIAH-PC&amp;apos;, ip: &amp;apos;192.168.112.1&amp;apos;, os.name: &amp;apos;Windows 7&amp;apos;, os.arch: &amp;apos;amd64&amp;apos;, os.version: &amp;apos;6.1&amp;apos;, java.version: &amp;apos;1.8.0_121&amp;apos;
Driver info: driver.version: RemoteWebDriver">
      <![CDATA[org.openqa.selenium.remote.UnreachableBrowserException: Could not start a new session. Possible causes are invalid address of the remote server or browser start-up failure.
Build info: version: '3.5.0', revision: '8def36e068', time: '2017-08-10T23:00:22.093Z'
System info: host: 'MALLAIAH-PC', ip: '192.168.112.1', os.name: 'Windows 7', os.arch: 'amd64', os.version: '6.1', java.version: '1.8.0_121'
Driver info: driver.version: RemoteWebDriver
at org.openqa.selenium.remote.RemoteWebDriver.execute(RemoteWebDriver.java:662)
at org.openqa.selenium.remote.RemoteWebDriver.startSession(RemoteWebDriver.java:254)
at org.openqa.selenium.remote.RemoteWebDriver.startSession(RemoteWebDriver.java:236)
at org.openqa.selenium.remote.RemoteWebDriver.<init>(RemoteWebDriver.java:137)
at org.openqa.selenium.remote.RemoteWebDriver.<init>(RemoteWebDriver.java:174)
at script.Gridd.test(Gridd.java:25)
Caused by: org.apache.http.client.ClientProtocolException
at org.apache.http.impl.client.InternalHttpClient.doExecute(InternalHttpClient.java:187)
at org.apache.http.impl.client.CloseableHttpClient.execute(CloseableHttpClient.java:72)
at org.apache.http.impl.client.CloseableHttpClient.execute(CloseableHttpClient.java:56)
at org.openqa.selenium.remote.internal.ApacheHttpClient.fallBackExecute(ApacheHttpClient.java:139)
at org.openqa.selenium.remote.internal.ApacheHttpClient.execute(ApacheHttpClient.java:87)
at org.openqa.selenium.remote.ProtocolHandshake.createSession(ProtocolHandshake.java:338)
at org.openqa.selenium.remote.ProtocolHandshake.createSession(ProtocolHandshake.java:137)
at org.openqa.selenium.remote.HttpCommandExecutor.execute(HttpCommandExecutor.java:142)
at org.openqa.selenium.remote.RemoteWebDriver.execute(RemoteWebDriver.java:641)
... 30 more
Caused by: org.apache.http.HttpException: Cannot convert host to URI: http://
at org.apache.http.impl.conn.SystemDefaultRoutePlanner.determineProxy(SystemDefaultRoutePlanner.java:84)
at org.apache.http.impl.conn.DefaultRoutePlanner.determineRoute(DefaultRoutePlanner.java:78)
at org.apache.http.impl.client.InternalHttpClient.determineRoute(InternalHttpClient.java:125)
at org.apache.http.impl.client.InternalHttpClient.doExecute(InternalHttpClient.java:184)
... 38 more
Caused by: java.net.URISyntaxException: Expected authority at index 7: http://
at java.net.URI$Parser.fail(Unknown Source)
at java.net.URI$Parser.failExpecting(Unknown Source)
at java.net.URI$Parser.parseHierarchical(Unknown Source)
at java.net.URI$Parser.parse(Unknown Source)
at java.net.URI.<init>(Unknown Source)
at org.apache.http.impl.conn.SystemDefaultRoutePlanner.determineProxy(SystemDefaultRoutePlanner.java:82)
... 41 more
... Removed 25 stack frames]]>
    </failure>
  </testcase> <!-- test -->
</testsuite> <!-- Test -->
