<?xml version="1.0" encoding="UTF-8"?>
<!-- Generated by org.testng.reporters.JUnitXMLReporter -->
<testsuite hostname="DESKTOP-87L7ASJ" ignored="0" name="Testcrome" tests="2" failures="2" timestamp="05 Aug 2018 02:35:51 GMT" time="30.009" errors="0">
  <testcase name="@AfterMethod closeApplication" time="0.339" classname="generic.BaseTest">
    <failure type="org.openqa.selenium.remote.UnreachableBrowserException" message="Error communicating with the remote browser. It may have died.
Build info: version: &amp;apos;3.5.0&amp;apos;, revision: &amp;apos;8def36e068&amp;apos;, time: &amp;apos;2017-08-10T23:00:22.093Z&amp;apos;
System info: host: &amp;apos;DESKTOP-87L7ASJ&amp;apos;, ip: &amp;apos;192.168.43.44&amp;apos;, os.name: &amp;apos;Windows 10&amp;apos;, os.arch: &amp;apos;amd64&amp;apos;, os.version: &amp;apos;10.0&amp;apos;, java.version: &amp;apos;1.8.0_121&amp;apos;
Driver info: driver.version: RemoteWebDriver
Capabilities [{moz:profile=C:\Users\sreeleka\AppData\Local\Temp\rust_mozprofile.SdSq2iOB6czg, rotatable=false, timeouts={implicit=0.0, pageLoad=300000.0, script=30000.0}, pageLoadStrategy=normal, moz:headless=false, platform=ANY, moz:accessibilityChecks=false, moz:useNonSpecCompliantPointerOrigin=false, acceptInsecureCerts=false, browserVersion=61.0.1, platformVersion=10.0, moz:processID=11632.0, browserName=firefox, javascriptEnabled=true, platformName=windows_nt, moz:webdriverClick=true}]
Session ID: cd8027ca-51b7-4de0-8c2d-d4a63d00a902">
      <![CDATA[org.openqa.selenium.remote.UnreachableBrowserException: Error communicating with the remote browser. It may have died.
Build info: version: '3.5.0', revision: '8def36e068', time: '2017-08-10T23:00:22.093Z'
System info: host: 'DESKTOP-87L7ASJ', ip: '192.168.43.44', os.name: 'Windows 10', os.arch: 'amd64', os.version: '10.0', java.version: '1.8.0_121'
Driver info: driver.version: RemoteWebDriver
Capabilities [{moz:profile=C:\Users\sreeleka\AppData\Local\Temp\rust_mozprofile.SdSq2iOB6czg, rotatable=false, timeouts={implicit=0.0, pageLoad=300000.0, script=30000.0}, pageLoadStrategy=normal, moz:headless=false, platform=ANY, moz:accessibilityChecks=false, moz:useNonSpecCompliantPointerOrigin=false, acceptInsecureCerts=false, browserVersion=61.0.1, platformVersion=10.0, moz:processID=11632.0, browserName=firefox, javascriptEnabled=true, platformName=windows_nt, moz:webdriverClick=true}]
Session ID: cd8027ca-51b7-4de0-8c2d-d4a63d00a902
at org.openqa.selenium.remote.RemoteWebDriver.execute(RemoteWebDriver.java:662)
at org.openqa.selenium.remote.RemoteWebDriver.execute(RemoteWebDriver.java:698)
at org.openqa.selenium.remote.RemoteWebDriver.quit(RemoteWebDriver.java:537)
at generic.BaseTest.closeApplication(BaseTest.java:48)
at java.util.concurrent.FutureTask.run(Unknown Source)
at java.util.concurrent.ThreadPoolExecutor.runWorker(Unknown Source)
at java.util.concurrent.ThreadPoolExecutor$Worker.run(Unknown Source)
at java.lang.Thread.run(Unknown Source)
Caused by: java.lang.RuntimeException: java.lang.InterruptedException
at org.openqa.selenium.net.UrlChecker.waitUntilUnavailable(UrlChecker.java:147)
at org.openqa.selenium.remote.service.DriverService.stop(DriverService.java:213)
at org.openqa.selenium.remote.service.DriverCommandExecutor.execute(DriverCommandExecutor.java:94)
at org.openqa.selenium.remote.RemoteWebDriver.execute(RemoteWebDriver.java:641)
... 21 more
Caused by: java.lang.InterruptedException
at java.util.concurrent.FutureTask.awaitDone(Unknown Source)
at java.util.concurrent.FutureTask.get(Unknown Source)
at com.google.common.util.concurrent.SimpleTimeLimiter.callWithTimeout(SimpleTimeLimiter.java:180)
at org.openqa.selenium.net.UrlChecker.waitUntilUnavailable(UrlChecker.java:117)
... 24 more
... Removed 14 stack frames]]>
    </failure>
  </testcase> <!-- @AfterMethod closeApplication -->
  <testcase name="validLog1" time="6.498" classname="script.TestLogin">
    <failure type="org.openqa.selenium.WebDriverException" message="Element &amp;lt;button class=&amp;quot;btn btn-primary btn-block ladda-button fadeIn animated&amp;quot; type=&amp;quot;submit&amp;quot;&amp;gt; is not clickable at point (683,440.6499938964844) because another element &amp;lt;div class=&amp;quot;alert alert-inverse loading wow fadeOut animated animated&amp;quot;&amp;gt; obscures it
Build info: version: &amp;apos;3.5.0&amp;apos;, revision: &amp;apos;8def36e068&amp;apos;, time: &amp;apos;2017-08-10T23:00:22.093Z&amp;apos;
System info: host: &amp;apos;DESKTOP-87L7ASJ&amp;apos;, ip: &amp;apos;192.168.43.44&amp;apos;, os.name: &amp;apos;Windows 10&amp;apos;, os.arch: &amp;apos;amd64&amp;apos;, os.version: &amp;apos;10.0&amp;apos;, java.version: &amp;apos;1.8.0_121&amp;apos;
Driver info: org.openqa.selenium.firefox.FirefoxDriver
Capabilities [{moz:profile=C:\Users\sreeleka\AppData\Local\Temp\rust_mozprofile.SdSq2iOB6czg, rotatable=false, timeouts={implicit=0.0, pageLoad=300000.0, script=30000.0}, pageLoadStrategy=normal, moz:headless=false, platform=ANY, moz:accessibilityChecks=false, moz:useNonSpecCompliantPointerOrigin=false, acceptInsecureCerts=false, browserVersion=61.0.1, platformVersion=10.0, moz:processID=11632.0, browserName=firefox, javascriptEnabled=true, platformName=windows_nt, moz:webdriverClick=true}]
Session ID: cd8027ca-51b7-4de0-8c2d-d4a63d00a902">
      <![CDATA[org.openqa.selenium.WebDriverException: Element <button class="btn btn-primary btn-block ladda-button fadeIn animated" type="submit"> is not clickable at point (683,440.6499938964844) because another element <div class="alert alert-inverse loading wow fadeOut animated animated"> obscures it
Build info: version: '3.5.0', revision: '8def36e068', time: '2017-08-10T23:00:22.093Z'
System info: host: 'DESKTOP-87L7ASJ', ip: '192.168.43.44', os.name: 'Windows 10', os.arch: 'amd64', os.version: '10.0', java.version: '1.8.0_121'
Driver info: org.openqa.selenium.firefox.FirefoxDriver
Capabilities [{moz:profile=C:\Users\sreeleka\AppData\Local\Temp\rust_mozprofile.SdSq2iOB6czg, rotatable=false, timeouts={implicit=0.0, pageLoad=300000.0, script=30000.0}, pageLoadStrategy=normal, moz:headless=false, platform=ANY, moz:accessibilityChecks=false, moz:useNonSpecCompliantPointerOrigin=false, acceptInsecureCerts=false, browserVersion=61.0.1, platformVersion=10.0, moz:processID=11632.0, browserName=firefox, javascriptEnabled=true, platformName=windows_nt, moz:webdriverClick=true}]
Session ID: cd8027ca-51b7-4de0-8c2d-d4a63d00a902
at org.openqa.selenium.remote.http.W3CHttpResponseCodec.createException(W3CHttpResponseCodec.java:185)
at org.openqa.selenium.remote.http.W3CHttpResponseCodec.decode(W3CHttpResponseCodec.java:120)
at org.openqa.selenium.remote.http.W3CHttpResponseCodec.decode(W3CHttpResponseCodec.java:49)
at org.openqa.selenium.remote.HttpCommandExecutor.execute(HttpCommandExecutor.java:164)
at org.openqa.selenium.remote.service.DriverCommandExecutor.execute(DriverCommandExecutor.java:82)
at org.openqa.selenium.remote.RemoteWebDriver.execute(RemoteWebDriver.java:641)
at org.openqa.selenium.remote.RemoteWebElement.execute(RemoteWebElement.java:275)
at org.openqa.selenium.remote.RemoteWebElement.click(RemoteWebElement.java:82)
at org.openqa.selenium.support.pagefactory.internal.LocatingElementHandler.invoke(LocatingElementHandler.java:51)
at com.sun.proxy.$Proxy11.click(Unknown Source)
at page.ValidLoginPage.clickLogin(ValidLoginPage.java:42)
at script.TestLogin.validLog1(TestLogin.java:26)
at java.util.concurrent.FutureTask.run(Unknown Source)
at java.util.concurrent.ThreadPoolExecutor.runWorker(Unknown Source)
at java.util.concurrent.ThreadPoolExecutor$Worker.run(Unknown Source)
at java.lang.Thread.run(Unknown Source)
... Removed 23 stack frames]]>
    </failure>
  </testcase> <!-- validLog1 -->
  <testcase name="validLog1" time="12.838" classname="script.TestLogin">
    <failure type="org.openqa.selenium.NoSuchSessionException" message="Session ID is null. Using WebDriver after calling quit()?
Build info: version: &amp;apos;3.5.0&amp;apos;, revision: &amp;apos;8def36e068&amp;apos;, time: &amp;apos;2017-08-10T23:00:22.093Z&amp;apos;
System info: host: &amp;apos;DESKTOP-87L7ASJ&amp;apos;, ip: &amp;apos;192.168.43.44&amp;apos;, os.name: &amp;apos;Windows 10&amp;apos;, os.arch: &amp;apos;amd64&amp;apos;, os.version: &amp;apos;10.0&amp;apos;, java.version: &amp;apos;1.8.0_121&amp;apos;
Driver info: driver.version: RemoteWebDriver">
      <![CDATA[org.openqa.selenium.NoSuchSessionException: Session ID is null. Using WebDriver after calling quit()?
Build info: version: '3.5.0', revision: '8def36e068', time: '2017-08-10T23:00:22.093Z'
System info: host: 'DESKTOP-87L7ASJ', ip: '192.168.43.44', os.name: 'Windows 10', os.arch: 'amd64', os.version: '10.0', java.version: '1.8.0_121'
Driver info: driver.version: RemoteWebDriver
at org.openqa.selenium.remote.HttpCommandExecutor.execute(HttpCommandExecutor.java:131)
at org.openqa.selenium.remote.service.DriverCommandExecutor.execute(DriverCommandExecutor.java:82)
at org.openqa.selenium.remote.RemoteWebDriver.execute(RemoteWebDriver.java:641)
at org.openqa.selenium.remote.RemoteWebDriver.findElement(RemoteWebDriver.java:414)
at org.openqa.selenium.remote.RemoteWebDriver.findElementByXPath(RemoteWebDriver.java:513)
at org.openqa.selenium.By$ByXPath.findElement(By.java:361)
at org.openqa.selenium.remote.RemoteWebDriver.findElement(RemoteWebDriver.java:406)
at org.openqa.selenium.support.pagefactory.DefaultElementLocator.findElement(DefaultElementLocator.java:69)
at org.openqa.selenium.support.pagefactory.internal.LocatingElementHandler.invoke(LocatingElementHandler.java:38)
at com.sun.proxy.$Proxy11.isDisplayed(Unknown Source)
at page.ValidLoginPage.verifyErrMsg(ValidLoginPage.java:29)
at script.TestLogin.validLog1(TestLogin.java:31)
at java.util.concurrent.FutureTask.run(Unknown Source)
at java.util.concurrent.ThreadPoolExecutor.runWorker(Unknown Source)
at java.util.concurrent.ThreadPoolExecutor$Worker.run(Unknown Source)
at java.lang.Thread.run(Unknown Source)
... Removed 15 stack frames]]>
    </failure>
  </testcase> <!-- validLog1 -->
</testsuite> <!-- Testcrome -->
